<?xml version="1.0" encoding="UTF-8"?>
<!-- Generated by org.testng.reporters.JUnitReportReporter -->
<testsuite hostname="LAPTOP-LAQNI5I9" failures="0" tests="1" name="tests._06_SelectFlight" time="7.941" errors="0" timestamp="2024-12-10T11:56:26 IST" skipped="0">
  <testcase classname="tests._06_SelectFlight" name="selectFlight" time="7.941"/>
</testsuite> <!-- tests._06_SelectFlight -->
