<?xml version="1.0" encoding="UTF-8"?>
<!-- Generated by org.testng.reporters.JUnitReportReporter -->
<testsuite hostname="LAPTOP-LAQNI5I9" failures="0" tests="1" name="tests._04_OneWayTrip" time="4.563" errors="0" timestamp="2024-12-10T12:14:13 IST" skipped="0">
  <testcase classname="tests._04_OneWayTrip" name="oneWay" time="4.563"/>
</testsuite> <!-- tests._04_OneWayTrip -->
