<?xml version="1.0" encoding="UTF-8"?>
<!-- Generated by org.testng.reporters.JUnitReportReporter -->
<testsuite hostname="LAPTOP-LAQNI5I9" failures="0" tests="1" name="tests._05_RoundTrip" time="4.674" errors="0" timestamp="2024-12-10T11:55:57 IST" skipped="0">
  <testcase classname="tests._05_RoundTrip" name="roundTrip" time="4.674"/>
</testsuite> <!-- tests._05_RoundTrip -->
