<?xml version="1.0" encoding="UTF-8"?>
<!-- Generated by org.testng.reporters.JUnitReportReporter -->
<testsuite hostname="LAPTOP-LAQNI5I9" failures="0" tests="1" name="tests._02_SignUpSpiceJet" time="13.149" errors="0" timestamp="2024-12-10T12:08:00 IST" skipped="0">
  <testcase classname="tests._02_SignUpSpiceJet" name="ValidateSignUpPage" time="13.149"/>
</testsuite> <!-- tests._02_SignUpSpiceJet -->
