<?xml version="1.0" encoding="UTF-8"?>
<!-- Generated by org.testng.reporters.JUnitReportReporter -->
<testsuite hostname="LAPTOP-LAQNI5I9" failures="0" tests="1" name="tests._01_NavigateToSpiceJet" time="0.884" errors="0" timestamp="2024-12-10T11:50:27 IST" skipped="0">
  <testcase classname="tests._01_NavigateToSpiceJet" name="navigateToSpiceJet" time="0.884"/>
</testsuite> <!-- tests._01_NavigateToSpiceJet -->
