<?xml version="1.0" encoding="UTF-8"?>
<!-- Generated by org.testng.reporters.JUnitReportReporter -->
<testsuite hostname="LAPTOP-LAQNI5I9" failures="0" tests="1" name="tests._07_08_FillPassengerAndbookingSucessfully" time="26.413" errors="0" timestamp="2024-12-10T11:57:58 IST" skipped="0">
  <testcase classname="tests._07_08_FillPassengerAndbookingSucessfully" name="bookingForm" time="26.413"/>
</testsuite> <!-- tests._07_08_FillPassengerAndbookingSucessfully -->
