<?xml version="1.0" encoding="UTF-8"?>
<!-- Generated by org.testng.reporters.JUnitReportReporter -->
<testsuite hostname="LAPTOP-LAQNI5I9" failures="0" tests="1" name="tests._03_LoginSpiceJet" time="3.060" errors="0" timestamp="2024-12-10T12:11:06 IST" skipped="0">
  <testcase classname="tests._03_LoginSpiceJet" name="navigateLoginPage" time="3.060"/>
</testsuite> <!-- tests._03_LoginSpiceJet -->
