<?xml version="1.0" encoding="UTF-8"?>
<!-- Generated by org.testng.reporters.JUnitReportReporter -->
<testsuite hostname="LAPTOP-LAQNI5I9" failures="0" tests="1" name="tests._09_ValidateField" time="2.433" errors="0" timestamp="2024-12-10T11:58:27 IST" skipped="0">
  <testcase classname="tests._09_ValidateField" name="validateField" time="2.433"/>
</testsuite> <!-- tests._09_ValidateField -->
